2025-04-04 07:53:44.930895 - Received CBT.V508.FILE322.PDS from FILE322.XMI 
2025-04-04 07:53:44.932030 - Found $$$#DATE.txt (text/plain) in CBT.V508.FILE322.PDS, moved to PDS/$$$#DATE
2025-04-04 07:53:44.932205 - Found $DOCREXW.txt (text/plain) in CBT.V508.FILE322.PDS, moved to PDS/$DOCREXW
2025-04-04 07:53:44.932340 - Found $DOCSLEJ.txt (text/plain) in CBT.V508.FILE322.PDS, moved to PDS/$DOCSLEJ
2025-04-04 07:53:44.932466 - Found $DOCSLES.txt (text/plain) in CBT.V508.FILE322.PDS, moved to PDS/$DOCSLES
2025-04-04 07:53:44.932595 - Found $DOCSYSL.txt (text/plain) in CBT.V508.FILE322.PDS, moved to PDS/$DOCSYSL
2025-04-04 07:53:44.932723 - Found $DOCWAIT.txt (text/plain) in CBT.V508.FILE322.PDS, moved to PDS/$DOCWAIT
2025-04-04 07:53:44.932851 - Found @FILE322.txt (text/plain) in CBT.V508.FILE322.PDS, moved to PDS/@FILE322
2025-04-04 07:53:44.932974 - Found BACK.txt (text/plain) in CBT.V508.FILE322.PDS, moved to PDS/BACK
2025-04-04 07:53:44.933097 - Found BPXBATCH.eml (message/rfc822) in CBT.V508.FILE322.PDS, moved to PDS/BPXBATCH
2025-04-04 07:53:44.933224 - Found ENTER.txt (text/plain) in CBT.V508.FILE322.PDS, moved to PDS/ENTER
2025-04-04 07:53:44.933355 - Found ILBOWAT0.eml (message/rfc822) in CBT.V508.FILE322.PDS, moved to PDS/ILBOWAT0
2025-04-04 07:53:44.933474 - Found OSPDUMP.txt (text/plain) in CBT.V508.FILE322.PDS, moved to PDS/OSPDUMP
2025-04-04 07:53:44.933592 - Found REXEXMPL.rexx (text/plain) in CBT.V508.FILE322.PDS, moved to PDS/REXEXMPL
2025-04-04 07:53:44.933751 - Found REXXWAIT.txt (text/plain) in CBT.V508.FILE322.PDS, moved to PDS/REXXWAIT
2025-04-04 07:53:44.933886 - Found SLEEPJ.txt (text/plain) in CBT.V508.FILE322.PDS, moved to PDS/SLEEPJ
2025-04-04 07:53:44.934006 - Found SLEEPR.rexx (text/plain) in CBT.V508.FILE322.PDS, moved to PDS/SLEEPR
2025-04-04 07:53:44.934138 - Found SLEEPR$.eml (message/rfc822) in CBT.V508.FILE322.PDS, moved to PDS/SLEEPR$
2025-04-04 07:53:44.934285 - Found SLEEPS.txt (text/plain) in CBT.V508.FILE322.PDS, moved to PDS/SLEEPS
2025-04-04 07:53:44.934419 - Found SYSSLEEP.txt (text/plain) in CBT.V508.FILE322.PDS, moved to PDS/SYSSLEEP
2025-04-04 07:53:44.934553 - Found TSOWAIT.txt (text/plain) in CBT.V508.FILE322.PDS, moved to PDS/TSOWAIT
